/XMX5LGBBFFB231001122

1-3:0.2.8(42)
0-0:1.0.0(190919223228S)
0-0:96.1.1(4530303035303031353231323131313134)
1-0:1.8.1(007997.818*kWh)
1-0:2.8.1(000000.000*kWh)
1-0:1.8.2(009981.094*kWh)
1-0:2.8.2(000000.000*kWh)
0-0:96.14.0(0002)
1-0:1.7.0(00.400*kW)
1-0:2.7.0(00.000*kW)
0-0:96.7.21(00019)
0-0:96.7.9(00006)
1-0:99.97.0(6)(0-0:96.7.19)(181004121251S)(0000004487*s)(180608105807S)(0000001183*s)(170127203813W)(0000003658*s)(160604003642S)(0000000656*s)(160510123120S)(0000000943*s)(160423165659S)(0000000840*s)
1-0:32.32.0(00002)
1-0:52.32.0(00001)
1-0:72.32.0(00000)
1-0:32.36.0(00000)
1-0:52.36.0(00000)
1-0:72.36.0(00000)
0-0:96.13.1()
0-0:96.13.0()
1-0:31.7.0(001*A)
1-0:51.7.0(001*A)
1-0:71.7.0(000*A)
1-0:21.7.0(00.241*kW)
1-0:41.7.0(00.158*kW)
1-0:61.7.0(00.000*kW)
1-0:22.7.0(00.000*kW)
1-0:42.7.0(00.000*kW)
1-0:62.7.0(00.000*kW)
!5D23

/XMX5LGBBFFB231001122

1-3:0.2.8(42)
0-0:1.0.0(190919223238S)
0-0:96.1.1(4530303035303031353231323131313134)
1-0:1.8.1(007997.818*kWh)
1-0:2.8.1(000000.000*kWh)
1-0:1.8.2(009981.095*kWh)
1-0:2.8.2(000000.000*kWh)
0-0:96.14.0(0002)
1-0:1.7.0(00.398*kW)
1-0:2.7.0(00.000*kW)
0-0:96.7.21(00019)
0-0:96.7.9(00006)
1-0:99.97.0(6)(0-0:96.7.19)(181004121251S)(0000004487*s)(180608105807S)(0000001183*s)(170127203813W)(0000003658*s)(160604003642S)(0000000656*s)(160510123120S)(0000000943*s)(160423165659S)(0000000840*s)
1-0:32.32.0(00002)
1-0:52.32.0(00001)
1-0:72.32.0(00000)
1-0:32.36.0(00000)
1-0:52.36.0(00000)
1-0:72.36.0(00000)
0-0:96.13.1()
0-0:96.13.0()
1-0:31.7.0(001*A)
1-0:51.7.0(001*A)
1-0:71.7.0(000*A)
1-0:21.7.0(00.240*kW)
1-0:41.7.0(00.157*kW)
1-0:61.7.0(00.000*kW)
1-0:22.7.0(00.000*kW)
1-0:42.7.0(00.000*kW)
1-0:62.7.0(00.000*kW)
!2674

/XMX5LGBBFFB231001122

1-3:0.2.8(42)
0-0:1.0.0(190919223248S)
0-0:96.1.1(4530303035303031353231323131313134)
1-0:1.8.1(007997.818*kWh)
1-0:2.8.1(000000.000*kWh)
1-0:1.8.2(009981.096*kWh)
1-0:2.8.2(000000.000*kWh)
0-0:96.14.0(0002)
1-0:1.7.0(00.397*kW)
1-0:2.7.0(00.000*kW)
0-0:96.7.21(00019)
0-0:96.7.9(00006)
1-0:99.97.0(6)(0-0:96.7.19)(181004121251S)(0000004487*s)(180608105807S)(0000001183*s)(170127203813W)(0000003658*s)(160604003642S)(0000000656*s)(160510123120S)(0000000943*s)(160423165659S)(0000000840*s)
1-0:32.32.0(00002)
1-0:52.32.0(00001)
1-0:72.32.0(00000)
1-0:32.36.0(00000)
1-0:52.36.0(00000)
1-0:72.36.0(00000)
0-0:96.13.1()
0-0:96.13.0()
1-0:31.7.0(001*A)
1-0:51.7.0(001*A)
1-0:71.7.0(000*A)
1-0:21.7.0(00.240*kW)
1-0:41.7.0(00.156*kW)
1-0:61.7.0(00.000*kW)
1-0:22.7.0(00.000*kW)
1-0:42.7.0(00.000*kW)
1-0:62.7.0(00.000*kW)
!3DA9

/XMX5LGBBFFB231001122

1-3:0.2.8(42)
0-0:1.0.0(190919223258S)
0-0:96.1.1(4530303035303031353231323131313134)
1-0:1.8.1(007997.818*kWh)
1-0:2.8.1(000000.000*kWh)
1-0:1.8.2(009981.097*kWh)
1-0:2.8.2(000000.000*kWh)
0-0:96.14.0(0002)
1-0:1.7.0(00.399*kW)
1-0:2.7.0(00.000*kW)
0-0:96.7.21(00019)
0-0:96.7.9(00006)
1-0:99.97.0(6)(0-0:96.7.19)(181004121251S)(0000004487*s)(180608105807S)(0000001183*s)(170127203813W)(0000003658*s)(160604003642S)(0000000656*s)(160510123120S)(0000000943*s)(160423165659S)(0000000840*s)
1-0:32.32.0(00002)
1-0:52.32.0(00001)
1-0:72.32.0(00000)
1-0:32.36.0(00000)
1-0:52.36.0(00000)
1-0:72.36.0(00000)
0-0:96.13.1()
0-0:96.13.0()
1-0:31.7.0(001*A)
1-0:51.7.0(001*A)
1-0:71.7.0(000*A)
1-0:21.7.0(00.240*kW)
1-0:41.7.0(00.157*kW)
1-0:61.7.0(00.000*kW)
1-0:22.7.0(00.000*kW)
1-0:42.7.0(00.000*kW)
1-0:62.7.0(00.000*kW)
!034F

/XMX5LGBBFFB231001122

1-3:0.2.8(42)
0-0:1.0.0(190919223308S)
0-0:96.1.1(4530303035303031353231323131313134)
1-0:1.8.1(007997.818*kWh)
1-0:2.8.1(000000.000*kWh)
1-0:1.8.2(009981.098*kWh)
1-0:2.8.2(000000.000*kWh)
0-0:96.14.0(0002)
1-0:1.7.0(00.396*kW)
1-0:2.7.0(00.000*kW)
0-0:96.7.21(00019)
0-0:96.7.9(00006)
1-0:99.97.0(6)(0-0:96.7.19)(181004121251S)(0000004487*s)(180608105807S)(0000001183*s)(170127203813W)(0000003658*s)(160604003642S)(0000000656*s)(160510123120S)(0000000943*s)(160423165659S)(0000000840*s)
1-0:32.32.0(00002)
1-0:52.32.0(00001)
1-0:72.32.0(00000)
1-0:32.36.0(00000)
1-0:52.36.0(00000)
1-0:72.36.0(00000)
0-0:96.13.1()
0-0:96.13.0()
1-0:31.7.0(001*A)
1-0:51.7.0(001*A)
1-0:71.7.0(000*A)
1-0:21.7.0(00.239*kW)
1-0:41.7.0(00.157*kW)
1-0:61.7.0(00.000*kW)
1-0:22.7.0(00.000*kW)
1-0:42.7.0(00.000*kW)
1-0:62.7.0(00.000*kW)
!9952

